1584534638878	mozrunner::runner	INFO	Running command: "C:\\Program Files\\Mozilla Firefox\\firefox.exe" "-marionette" "-headless" "-foreground" "-no-remote" "-profile" "C:\\Users\\jonas\\AppData\\Local\\Temp\\rust_mozprofilewM5vFi"
*** You are running in headless mode.
1584534639142	addons.webextension.doh-rollout@mozilla.org	WARN	Loading extension 'doh-rollout@mozilla.org': Reading manifest: Invalid extension permission: networkStatus
1584534639396	addons.webextension.screenshots@mozilla.org	WARN	Loading extension 'screenshots@mozilla.org': Reading manifest: Invalid extension permission: mozillaAddons
1584534639396	addons.webextension.screenshots@mozilla.org	WARN	Loading extension 'screenshots@mozilla.org': Reading manifest: Invalid extension permission: telemetry
1584534639396	addons.webextension.screenshots@mozilla.org	WARN	Loading extension 'screenshots@mozilla.org': Reading manifest: Invalid extension permission: resource://pdf.js/
1584534639396	addons.webextension.screenshots@mozilla.org	WARN	Loading extension 'screenshots@mozilla.org': Reading manifest: Invalid extension permission: about:reader*
JavaScript error: resource://gre/modules/XULStore.jsm, line 66: Error: Can't find profile directory.
1584534640479	Marionette	INFO	Listening on port 61093
1584534640888	Marionette	WARN	TLS certificate errors will be ignored for this session
1584534641848	Marionette	INFO	Stopped listening on port 61093
1584535109787	mozrunner::runner	INFO	Running command: "C:\\Program Files\\Mozilla Firefox\\firefox.exe" "-marionette" "-headless" "-foreground" "-no-remote" "-profile" "C:\\Users\\jonas\\AppData\\Local\\Temp\\rust_mozprofile7eQuLf"
*** You are running in headless mode.
1584535110051	addons.webextension.doh-rollout@mozilla.org	WARN	Loading extension 'doh-rollout@mozilla.org': Reading manifest: Invalid extension permission: networkStatus
1584535110305	addons.webextension.screenshots@mozilla.org	WARN	Loading extension 'screenshots@mozilla.org': Reading manifest: Invalid extension permission: mozillaAddons
1584535110305	addons.webextension.screenshots@mozilla.org	WARN	Loading extension 'screenshots@mozilla.org': Reading manifest: Invalid extension permission: telemetry
1584535110305	addons.webextension.screenshots@mozilla.org	WARN	Loading extension 'screenshots@mozilla.org': Reading manifest: Invalid extension permission: resource://pdf.js/
1584535110306	addons.webextension.screenshots@mozilla.org	WARN	Loading extension 'screenshots@mozilla.org': Reading manifest: Invalid extension permission: about:reader*
JavaScript error: resource://gre/modules/XULStore.jsm, line 66: Error: Can't find profile directory.
1584535111377	Marionette	INFO	Listening on port 61199
1584535111800	Marionette	WARN	TLS certificate errors will be ignored for this session
1584535176315	mozrunner::runner	INFO	Running command: "C:\\Program Files\\Mozilla Firefox\\firefox.exe" "-marionette" "-headless" "-foreground" "-no-remote" "-profile" "C:\\Users\\jonas\\AppData\\Local\\Temp\\rust_mozprofilekLDs3Q"
*** You are running in headless mode.
1584535176587	addons.webextension.doh-rollout@mozilla.org	WARN	Loading extension 'doh-rollout@mozilla.org': Reading manifest: Invalid extension permission: networkStatus
1584535176855	addons.webextension.screenshots@mozilla.org	WARN	Loading extension 'screenshots@mozilla.org': Reading manifest: Invalid extension permission: mozillaAddons
1584535176855	addons.webextension.screenshots@mozilla.org	WARN	Loading extension 'screenshots@mozilla.org': Reading manifest: Invalid extension permission: telemetry
1584535176855	addons.webextension.screenshots@mozilla.org	WARN	Loading extension 'screenshots@mozilla.org': Reading manifest: Invalid extension permission: resource://pdf.js/
1584535176855	addons.webextension.screenshots@mozilla.org	WARN	Loading extension 'screenshots@mozilla.org': Reading manifest: Invalid extension permission: about:reader*
JavaScript error: resource://gre/modules/XULStore.jsm, line 66: Error: Can't find profile directory.
1584535177963	Marionette	INFO	Listening on port 61242
1584535178333	Marionette	WARN	TLS certificate errors will be ignored for this session
1584535193074	mozrunner::runner	INFO	Running command: "C:\\Program Files\\Mozilla Firefox\\firefox.exe" "-marionette" "-headless" "-foreground" "-no-remote" "-profile" "C:\\Users\\jonas\\AppData\\Local\\Temp\\rust_mozprofilegBig2Y"
*** You are running in headless mode.
1584535193345	addons.webextension.doh-rollout@mozilla.org	WARN	Loading extension 'doh-rollout@mozilla.org': Reading manifest: Invalid extension permission: networkStatus
1584535193726	addons.webextension.screenshots@mozilla.org	WARN	Loading extension 'screenshots@mozilla.org': Reading manifest: Invalid extension permission: mozillaAddons
1584535193726	addons.webextension.screenshots@mozilla.org	WARN	Loading extension 'screenshots@mozilla.org': Reading manifest: Invalid extension permission: telemetry
1584535193726	addons.webextension.screenshots@mozilla.org	WARN	Loading extension 'screenshots@mozilla.org': Reading manifest: Invalid extension permission: resource://pdf.js/
1584535193727	addons.webextension.screenshots@mozilla.org	WARN	Loading extension 'screenshots@mozilla.org': Reading manifest: Invalid extension permission: about:reader*
JavaScript error: resource://gre/modules/XULStore.jsm, line 66: Error: Can't find profile directory.
1584535194820	Marionette	INFO	Listening on port 61282
1584535195088	Marionette	WARN	TLS certificate errors will be ignored for this session
1584535238037	mozrunner::runner	INFO	Running command: "C:\\Program Files\\Mozilla Firefox\\firefox.exe" "-marionette" "-headless" "-foreground" "-no-remote" "-profile" "C:\\Users\\jonas\\AppData\\Local\\Temp\\rust_mozprofile6FKf4v"
*** You are running in headless mode.
1584535238294	addons.webextension.doh-rollout@mozilla.org	WARN	Loading extension 'doh-rollout@mozilla.org': Reading manifest: Invalid extension permission: networkStatus
1584535238718	addons.webextension.screenshots@mozilla.org	WARN	Loading extension 'screenshots@mozilla.org': Reading manifest: Invalid extension permission: mozillaAddons
1584535238718	addons.webextension.screenshots@mozilla.org	WARN	Loading extension 'screenshots@mozilla.org': Reading manifest: Invalid extension permission: telemetry
1584535238718	addons.webextension.screenshots@mozilla.org	WARN	Loading extension 'screenshots@mozilla.org': Reading manifest: Invalid extension permission: resource://pdf.js/
1584535238718	addons.webextension.screenshots@mozilla.org	WARN	Loading extension 'screenshots@mozilla.org': Reading manifest: Invalid extension permission: about:reader*
JavaScript error: resource://gre/modules/XULStore.jsm, line 66: Error: Can't find profile directory.
1584535239812	Marionette	INFO	Listening on port 61335
1584535240047	Marionette	WARN	TLS certificate errors will be ignored for this session
1584535263022	mozrunner::runner	INFO	Running command: "C:\\Program Files\\Mozilla Firefox\\firefox.exe" "-marionette" "-headless" "-foreground" "-no-remote" "-profile" "C:\\Users\\jonas\\AppData\\Local\\Temp\\rust_mozprofileaRAcJo"
*** You are running in headless mode.
1584535263287	addons.webextension.doh-rollout@mozilla.org	WARN	Loading extension 'doh-rollout@mozilla.org': Reading manifest: Invalid extension permission: networkStatus
1584535263551	addons.webextension.screenshots@mozilla.org	WARN	Loading extension 'screenshots@mozilla.org': Reading manifest: Invalid extension permission: mozillaAddons
1584535263551	addons.webextension.screenshots@mozilla.org	WARN	Loading extension 'screenshots@mozilla.org': Reading manifest: Invalid extension permission: telemetry
1584535263552	addons.webextension.screenshots@mozilla.org	WARN	Loading extension 'screenshots@mozilla.org': Reading manifest: Invalid extension permission: resource://pdf.js/
1584535263552	addons.webextension.screenshots@mozilla.org	WARN	Loading extension 'screenshots@mozilla.org': Reading manifest: Invalid extension permission: about:reader*
JavaScript error: resource://gre/modules/XULStore.jsm, line 66: Error: Can't find profile directory.
1584535264643	Marionette	INFO	Listening on port 61392
1584535265031	Marionette	WARN	TLS certificate errors will be ignored for this session
1584535349891	mozrunner::runner	INFO	Running command: "C:\\Program Files\\Mozilla Firefox\\firefox.exe" "-marionette" "-headless" "-foreground" "-no-remote" "-profile" "C:\\Users\\jonas\\AppData\\Local\\Temp\\rust_mozprofileyzGf3c"
*** You are running in headless mode.
1584535350130	addons.webextension.doh-rollout@mozilla.org	WARN	Loading extension 'doh-rollout@mozilla.org': Reading manifest: Invalid extension permission: networkStatus
1584535350435	addons.webextension.screenshots@mozilla.org	WARN	Loading extension 'screenshots@mozilla.org': Reading manifest: Invalid extension permission: mozillaAddons
1584535350435	addons.webextension.screenshots@mozilla.org	WARN	Loading extension 'screenshots@mozilla.org': Reading manifest: Invalid extension permission: telemetry
1584535350436	addons.webextension.screenshots@mozilla.org	WARN	Loading extension 'screenshots@mozilla.org': Reading manifest: Invalid extension permission: resource://pdf.js/
1584535350436	addons.webextension.screenshots@mozilla.org	WARN	Loading extension 'screenshots@mozilla.org': Reading manifest: Invalid extension permission: about:reader*
JavaScript error: resource://gre/modules/XULStore.jsm, line 66: Error: Can't find profile directory.
1584535351510	Marionette	INFO	Listening on port 61473
1584535351909	Marionette	WARN	TLS certificate errors will be ignored for this session
1584535443562	mozrunner::runner	INFO	Running command: "C:\\Program Files\\Mozilla Firefox\\firefox.exe" "-marionette" "-headless" "-foreground" "-no-remote" "-profile" "C:\\Users\\jonas\\AppData\\Local\\Temp\\rust_mozprofile4A2ha5"
*** You are running in headless mode.
1584535443809	addons.webextension.doh-rollout@mozilla.org	WARN	Loading extension 'doh-rollout@mozilla.org': Reading manifest: Invalid extension permission: networkStatus
1584535444114	addons.webextension.screenshots@mozilla.org	WARN	Loading extension 'screenshots@mozilla.org': Reading manifest: Invalid extension permission: mozillaAddons
1584535444114	addons.webextension.screenshots@mozilla.org	WARN	Loading extension 'screenshots@mozilla.org': Reading manifest: Invalid extension permission: telemetry
1584535444114	addons.webextension.screenshots@mozilla.org	WARN	Loading extension 'screenshots@mozilla.org': Reading manifest: Invalid extension permission: resource://pdf.js/
1584535444114	addons.webextension.screenshots@mozilla.org	WARN	Loading extension 'screenshots@mozilla.org': Reading manifest: Invalid extension permission: about:reader*
JavaScript error: resource://gre/modules/XULStore.jsm, line 66: Error: Can't find profile directory.
1584535445190	Marionette	INFO	Listening on port 61543
1584535445572	Marionette	WARN	TLS certificate errors will be ignored for this session
1584535601695	mozrunner::runner	INFO	Running command: "C:\\Program Files\\Mozilla Firefox\\firefox.exe" "-marionette" "-headless" "-foreground" "-no-remote" "-profile" "C:\\Users\\jonas\\AppData\\Local\\Temp\\rust_mozprofiledocnMh"
*** You are running in headless mode.
1584535601940	addons.webextension.doh-rollout@mozilla.org	WARN	Loading extension 'doh-rollout@mozilla.org': Reading manifest: Invalid extension permission: networkStatus
1584535602295	addons.webextension.screenshots@mozilla.org	WARN	Loading extension 'screenshots@mozilla.org': Reading manifest: Invalid extension permission: mozillaAddons
1584535602295	addons.webextension.screenshots@mozilla.org	WARN	Loading extension 'screenshots@mozilla.org': Reading manifest: Invalid extension permission: telemetry
1584535602295	addons.webextension.screenshots@mozilla.org	WARN	Loading extension 'screenshots@mozilla.org': Reading manifest: Invalid extension permission: resource://pdf.js/
1584535602295	addons.webextension.screenshots@mozilla.org	WARN	Loading extension 'screenshots@mozilla.org': Reading manifest: Invalid extension permission: about:reader*
JavaScript error: resource://gre/modules/XULStore.jsm, line 66: Error: Can't find profile directory.
1584535603423	Marionette	INFO	Listening on port 61624
1584535603702	Marionette	WARN	TLS certificate errors will be ignored for this session
1584535672618	mozrunner::runner	INFO	Running command: "C:\\Program Files\\Mozilla Firefox\\firefox.exe" "-marionette" "-headless" "-foreground" "-no-remote" "-profile" "C:\\Users\\jonas\\AppData\\Local\\Temp\\rust_mozprofile2z361f"
*** You are running in headless mode.
1584535672884	addons.webextension.doh-rollout@mozilla.org	WARN	Loading extension 'doh-rollout@mozilla.org': Reading manifest: Invalid extension permission: networkStatus
1584535673283	addons.webextension.screenshots@mozilla.org	WARN	Loading extension 'screenshots@mozilla.org': Reading manifest: Invalid extension permission: mozillaAddons
1584535673283	addons.webextension.screenshots@mozilla.org	WARN	Loading extension 'screenshots@mozilla.org': Reading manifest: Invalid extension permission: telemetry
1584535673283	addons.webextension.screenshots@mozilla.org	WARN	Loading extension 'screenshots@mozilla.org': Reading manifest: Invalid extension permission: resource://pdf.js/
1584535673283	addons.webextension.screenshots@mozilla.org	WARN	Loading extension 'screenshots@mozilla.org': Reading manifest: Invalid extension permission: about:reader*
JavaScript error: resource://gre/modules/XULStore.jsm, line 66: Error: Can't find profile directory.
1584535674371	Marionette	INFO	Listening on port 61715
1584535674631	Marionette	WARN	TLS certificate errors will be ignored for this session
1584535752435	mozrunner::runner	INFO	Running command: "C:\\Program Files\\Mozilla Firefox\\firefox.exe" "-marionette" "-headless" "-foreground" "-no-remote" "-profile" "C:\\Users\\jonas\\AppData\\Local\\Temp\\rust_mozprofilev3k9EO"
*** You are running in headless mode.
1584535752685	addons.webextension.doh-rollout@mozilla.org	WARN	Loading extension 'doh-rollout@mozilla.org': Reading manifest: Invalid extension permission: networkStatus
1584535753002	addons.webextension.screenshots@mozilla.org	WARN	Loading extension 'screenshots@mozilla.org': Reading manifest: Invalid extension permission: mozillaAddons
1584535753002	addons.webextension.screenshots@mozilla.org	WARN	Loading extension 'screenshots@mozilla.org': Reading manifest: Invalid extension permission: telemetry
1584535753002	addons.webextension.screenshots@mozilla.org	WARN	Loading extension 'screenshots@mozilla.org': Reading manifest: Invalid extension permission: resource://pdf.js/
1584535753002	addons.webextension.screenshots@mozilla.org	WARN	Loading extension 'screenshots@mozilla.org': Reading manifest: Invalid extension permission: about:reader*
JavaScript error: resource://gre/modules/XULStore.jsm, line 66: Error: Can't find profile directory.
1584535754142	Marionette	INFO	Listening on port 61774
1584535754444	Marionette	WARN	TLS certificate errors will be ignored for this session
1584535864247	mozrunner::runner	INFO	Running command: "C:\\Program Files\\Mozilla Firefox\\firefox.exe" "-marionette" "-headless" "-foreground" "-no-remote" "-profile" "C:\\Users\\jonas\\AppData\\Local\\Temp\\rust_mozprofileF8IdOQ"
*** You are running in headless mode.
1584535864492	addons.webextension.doh-rollout@mozilla.org	WARN	Loading extension 'doh-rollout@mozilla.org': Reading manifest: Invalid extension permission: networkStatus
1584535864782	addons.webextension.screenshots@mozilla.org	WARN	Loading extension 'screenshots@mozilla.org': Reading manifest: Invalid extension permission: mozillaAddons
1584535864782	addons.webextension.screenshots@mozilla.org	WARN	Loading extension 'screenshots@mozilla.org': Reading manifest: Invalid extension permission: telemetry
1584535864782	addons.webextension.screenshots@mozilla.org	WARN	Loading extension 'screenshots@mozilla.org': Reading manifest: Invalid extension permission: resource://pdf.js/
1584535864782	addons.webextension.screenshots@mozilla.org	WARN	Loading extension 'screenshots@mozilla.org': Reading manifest: Invalid extension permission: about:reader*
JavaScript error: resource://gre/modules/XULStore.jsm, line 66: Error: Can't find profile directory.
1584535865926	Marionette	INFO	Listening on port 61822
1584535866258	Marionette	WARN	TLS certificate errors will be ignored for this session
1584535903105	mozrunner::runner	INFO	Running command: "C:\\Program Files\\Mozilla Firefox\\firefox.exe" "-marionette" "-headless" "-foreground" "-no-remote" "-profile" "C:\\Users\\jonas\\AppData\\Local\\Temp\\rust_mozprofileBBKyIl"
*** You are running in headless mode.
1584535903357	addons.webextension.doh-rollout@mozilla.org	WARN	Loading extension 'doh-rollout@mozilla.org': Reading manifest: Invalid extension permission: networkStatus
1584535903717	addons.webextension.screenshots@mozilla.org	WARN	Loading extension 'screenshots@mozilla.org': Reading manifest: Invalid extension permission: mozillaAddons
1584535903717	addons.webextension.screenshots@mozilla.org	WARN	Loading extension 'screenshots@mozilla.org': Reading manifest: Invalid extension permission: telemetry
1584535903717	addons.webextension.screenshots@mozilla.org	WARN	Loading extension 'screenshots@mozilla.org': Reading manifest: Invalid extension permission: resource://pdf.js/
1584535903717	addons.webextension.screenshots@mozilla.org	WARN	Loading extension 'screenshots@mozilla.org': Reading manifest: Invalid extension permission: about:reader*
JavaScript error: resource://gre/modules/XULStore.jsm, line 66: Error: Can't find profile directory.
1584535904837	Marionette	INFO	Listening on port 61873
1584535905113	Marionette	WARN	TLS certificate errors will be ignored for this session
1584535935706	mozrunner::runner	INFO	Running command: "C:\\Program Files\\Mozilla Firefox\\firefox.exe" "-marionette" "-headless" "-foreground" "-no-remote" "-profile" "C:\\Users\\jonas\\AppData\\Local\\Temp\\rust_mozprofileAYdJUc"
*** You are running in headless mode.
1584535935975	addons.webextension.doh-rollout@mozilla.org	WARN	Loading extension 'doh-rollout@mozilla.org': Reading manifest: Invalid extension permission: networkStatus
1584535936455	addons.webextension.screenshots@mozilla.org	WARN	Loading extension 'screenshots@mozilla.org': Reading manifest: Invalid extension permission: mozillaAddons
1584535936455	addons.webextension.screenshots@mozilla.org	WARN	Loading extension 'screenshots@mozilla.org': Reading manifest: Invalid extension permission: telemetry
1584535936456	addons.webextension.screenshots@mozilla.org	WARN	Loading extension 'screenshots@mozilla.org': Reading manifest: Invalid extension permission: resource://pdf.js/
1584535936456	addons.webextension.screenshots@mozilla.org	WARN	Loading extension 'screenshots@mozilla.org': Reading manifest: Invalid extension permission: about:reader*
JavaScript error: resource://gre/modules/XULStore.jsm, line 66: Error: Can't find profile directory.
1584535937569	Marionette	INFO	Listening on port 61935
1584535937720	Marionette	WARN	TLS certificate errors will be ignored for this session
1584535966244	mozrunner::runner	INFO	Running command: "C:\\Program Files\\Mozilla Firefox\\firefox.exe" "-marionette" "-headless" "-foreground" "-no-remote" "-profile" "C:\\Users\\jonas\\AppData\\Local\\Temp\\rust_mozprofile74TeT6"
*** You are running in headless mode.
1584535966485	addons.webextension.doh-rollout@mozilla.org	WARN	Loading extension 'doh-rollout@mozilla.org': Reading manifest: Invalid extension permission: networkStatus
1584535966859	addons.webextension.screenshots@mozilla.org	WARN	Loading extension 'screenshots@mozilla.org': Reading manifest: Invalid extension permission: mozillaAddons
1584535966859	addons.webextension.screenshots@mozilla.org	WARN	Loading extension 'screenshots@mozilla.org': Reading manifest: Invalid extension permission: telemetry
1584535966859	addons.webextension.screenshots@mozilla.org	WARN	Loading extension 'screenshots@mozilla.org': Reading manifest: Invalid extension permission: resource://pdf.js/
1584535966859	addons.webextension.screenshots@mozilla.org	WARN	Loading extension 'screenshots@mozilla.org': Reading manifest: Invalid extension permission: about:reader*
JavaScript error: resource://gre/modules/XULStore.jsm, line 66: Error: Can't find profile directory.
1584535967991	Marionette	INFO	Listening on port 61991
1584535968254	Marionette	WARN	TLS certificate errors will be ignored for this session
1584535988561	mozrunner::runner	INFO	Running command: "C:\\Program Files\\Mozilla Firefox\\firefox.exe" "-marionette" "-headless" "-foreground" "-no-remote" "-profile" "C:\\Users\\jonas\\AppData\\Local\\Temp\\rust_mozprofile2Y0AP6"
*** You are running in headless mode.
1584535988806	addons.webextension.doh-rollout@mozilla.org	WARN	Loading extension 'doh-rollout@mozilla.org': Reading manifest: Invalid extension permission: networkStatus
1584535989072	addons.webextension.screenshots@mozilla.org	WARN	Loading extension 'screenshots@mozilla.org': Reading manifest: Invalid extension permission: mozillaAddons
1584535989072	addons.webextension.screenshots@mozilla.org	WARN	Loading extension 'screenshots@mozilla.org': Reading manifest: Invalid extension permission: telemetry
1584535989072	addons.webextension.screenshots@mozilla.org	WARN	Loading extension 'screenshots@mozilla.org': Reading manifest: Invalid extension permission: resource://pdf.js/
1584535989072	addons.webextension.screenshots@mozilla.org	WARN	Loading extension 'screenshots@mozilla.org': Reading manifest: Invalid extension permission: about:reader*
JavaScript error: resource://gre/modules/XULStore.jsm, line 66: Error: Can't find profile directory.
1584535990206	Marionette	INFO	Listening on port 62047
1584535990571	Marionette	WARN	TLS certificate errors will be ignored for this session
1584535995164	Marionette	INFO	Stopped listening on port 62047
1584536096417	mozrunner::runner	INFO	Running command: "C:\\Program Files\\Mozilla Firefox\\firefox.exe" "-marionette" "-headless" "-foreground" "-no-remote" "-profile" "C:\\Users\\jonas\\AppData\\Local\\Temp\\rust_mozprofileqJ3v0U"
*** You are running in headless mode.
1584536096669	addons.webextension.doh-rollout@mozilla.org	WARN	Loading extension 'doh-rollout@mozilla.org': Reading manifest: Invalid extension permission: networkStatus
1584536096949	addons.webextension.screenshots@mozilla.org	WARN	Loading extension 'screenshots@mozilla.org': Reading manifest: Invalid extension permission: mozillaAddons
1584536096949	addons.webextension.screenshots@mozilla.org	WARN	Loading extension 'screenshots@mozilla.org': Reading manifest: Invalid extension permission: telemetry
1584536096949	addons.webextension.screenshots@mozilla.org	WARN	Loading extension 'screenshots@mozilla.org': Reading manifest: Invalid extension permission: resource://pdf.js/
1584536096949	addons.webextension.screenshots@mozilla.org	WARN	Loading extension 'screenshots@mozilla.org': Reading manifest: Invalid extension permission: about:reader*
JavaScript error: resource://gre/modules/XULStore.jsm, line 66: Error: Can't find profile directory.
1584536098118	Marionette	INFO	Listening on port 62144
1584536098427	Marionette	WARN	TLS certificate errors will be ignored for this session
1584536124396	mozrunner::runner	INFO	Running command: "C:\\Program Files\\Mozilla Firefox\\firefox.exe" "-marionette" "-headless" "-foreground" "-no-remote" "-profile" "C:\\Users\\jonas\\AppData\\Local\\Temp\\rust_mozprofileuXwh2M"
*** You are running in headless mode.
1584536124660	addons.webextension.doh-rollout@mozilla.org	WARN	Loading extension 'doh-rollout@mozilla.org': Reading manifest: Invalid extension permission: networkStatus
1584536124939	addons.webextension.screenshots@mozilla.org	WARN	Loading extension 'screenshots@mozilla.org': Reading manifest: Invalid extension permission: mozillaAddons
1584536124939	addons.webextension.screenshots@mozilla.org	WARN	Loading extension 'screenshots@mozilla.org': Reading manifest: Invalid extension permission: telemetry
1584536124940	addons.webextension.screenshots@mozilla.org	WARN	Loading extension 'screenshots@mozilla.org': Reading manifest: Invalid extension permission: resource://pdf.js/
1584536124940	addons.webextension.screenshots@mozilla.org	WARN	Loading extension 'screenshots@mozilla.org': Reading manifest: Invalid extension permission: about:reader*
JavaScript error: resource://gre/modules/XULStore.jsm, line 66: Error: Can't find profile directory.
1584536126104	Marionette	INFO	Listening on port 62198
1584536126403	Marionette	WARN	TLS certificate errors will be ignored for this session
1584536177758	mozrunner::runner	INFO	Running command: "C:\\Program Files\\Mozilla Firefox\\firefox.exe" "-marionette" "-headless" "-foreground" "-no-remote" "-profile" "C:\\Users\\jonas\\AppData\\Local\\Temp\\rust_mozprofileJkH7bN"
*** You are running in headless mode.
1584536178013	addons.webextension.doh-rollout@mozilla.org	WARN	Loading extension 'doh-rollout@mozilla.org': Reading manifest: Invalid extension permission: networkStatus
1584536178496	addons.webextension.screenshots@mozilla.org	WARN	Loading extension 'screenshots@mozilla.org': Reading manifest: Invalid extension permission: mozillaAddons
1584536178496	addons.webextension.screenshots@mozilla.org	WARN	Loading extension 'screenshots@mozilla.org': Reading manifest: Invalid extension permission: telemetry
1584536178496	addons.webextension.screenshots@mozilla.org	WARN	Loading extension 'screenshots@mozilla.org': Reading manifest: Invalid extension permission: resource://pdf.js/
1584536178497	addons.webextension.screenshots@mozilla.org	WARN	Loading extension 'screenshots@mozilla.org': Reading manifest: Invalid extension permission: about:reader*
JavaScript error: resource://gre/modules/XULStore.jsm, line 66: Error: Can't find profile directory.
1584536179631	Marionette	INFO	Listening on port 62258
1584536179769	Marionette	WARN	TLS certificate errors will be ignored for this session
1584536203069	mozrunner::runner	INFO	Running command: "C:\\Program Files\\Mozilla Firefox\\firefox.exe" "-marionette" "-headless" "-foreground" "-no-remote" "-profile" "C:\\Users\\jonas\\AppData\\Local\\Temp\\rust_mozprofilen64qCH"
*** You are running in headless mode.
1584536203307	addons.webextension.doh-rollout@mozilla.org	WARN	Loading extension 'doh-rollout@mozilla.org': Reading manifest: Invalid extension permission: networkStatus
1584536203664	addons.webextension.screenshots@mozilla.org	WARN	Loading extension 'screenshots@mozilla.org': Reading manifest: Invalid extension permission: mozillaAddons
1584536203664	addons.webextension.screenshots@mozilla.org	WARN	Loading extension 'screenshots@mozilla.org': Reading manifest: Invalid extension permission: telemetry
1584536203664	addons.webextension.screenshots@mozilla.org	WARN	Loading extension 'screenshots@mozilla.org': Reading manifest: Invalid extension permission: resource://pdf.js/
1584536203664	addons.webextension.screenshots@mozilla.org	WARN	Loading extension 'screenshots@mozilla.org': Reading manifest: Invalid extension permission: about:reader*
JavaScript error: resource://gre/modules/XULStore.jsm, line 66: Error: Can't find profile directory.
1584536204849	Marionette	INFO	Listening on port 62312
1584536205077	Marionette	WARN	TLS certificate errors will be ignored for this session
JavaScript error: chrome://marionette/content/proxy.js, line 222: TypeError: this.browser.driver.dialogObserver is null
1584536214506	mozrunner::runner	INFO	Running command: "C:\\Program Files\\Mozilla Firefox\\firefox.exe" "-marionette" "-headless" "-foreground" "-no-remote" "-profile" "C:\\Users\\jonas\\AppData\\Local\\Temp\\rust_mozprofiletiy2se"
*** You are running in headless mode.
1584536214759	addons.webextension.doh-rollout@mozilla.org	WARN	Loading extension 'doh-rollout@mozilla.org': Reading manifest: Invalid extension permission: networkStatus
1584536215128	addons.webextension.screenshots@mozilla.org	WARN	Loading extension 'screenshots@mozilla.org': Reading manifest: Invalid extension permission: mozillaAddons
1584536215128	addons.webextension.screenshots@mozilla.org	WARN	Loading extension 'screenshots@mozilla.org': Reading manifest: Invalid extension permission: telemetry
1584536215128	addons.webextension.screenshots@mozilla.org	WARN	Loading extension 'screenshots@mozilla.org': Reading manifest: Invalid extension permission: resource://pdf.js/
1584536215128	addons.webextension.screenshots@mozilla.org	WARN	Loading extension 'screenshots@mozilla.org': Reading manifest: Invalid extension permission: about:reader*
JavaScript error: resource://gre/modules/XULStore.jsm, line 66: Error: Can't find profile directory.
1584536216332	Marionette	INFO	Listening on port 62365
1584536216518	Marionette	WARN	TLS certificate errors will be ignored for this session
JavaScript error: chrome://marionette/content/proxy.js, line 222: TypeError: this.browser.driver.dialogObserver is null
1584536314721	mozrunner::runner	INFO	Running command: "C:\\Program Files\\Mozilla Firefox\\firefox.exe" "-marionette" "-headless" "-foreground" "-no-remote" "-profile" "C:\\Users\\jonas\\AppData\\Local\\Temp\\rust_mozprofileY41pFo"
*** You are running in headless mode.
1584536314977	addons.webextension.doh-rollout@mozilla.org	WARN	Loading extension 'doh-rollout@mozilla.org': Reading manifest: Invalid extension permission: networkStatus
1584536315389	addons.webextension.screenshots@mozilla.org	WARN	Loading extension 'screenshots@mozilla.org': Reading manifest: Invalid extension permission: mozillaAddons
1584536315389	addons.webextension.screenshots@mozilla.org	WARN	Loading extension 'screenshots@mozilla.org': Reading manifest: Invalid extension permission: telemetry
1584536315389	addons.webextension.screenshots@mozilla.org	WARN	Loading extension 'screenshots@mozilla.org': Reading manifest: Invalid extension permission: resource://pdf.js/
1584536315389	addons.webextension.screenshots@mozilla.org	WARN	Loading extension 'screenshots@mozilla.org': Reading manifest: Invalid extension permission: about:reader*
JavaScript error: resource://gre/modules/XULStore.jsm, line 66: Error: Can't find profile directory.
1584536316659	Marionette	INFO	Listening on port 62457
1584536316734	Marionette	WARN	TLS certificate errors will be ignored for this session
JavaScript error: http://automationpractice.com/themes/default-bootstrap/js/modules/blocklayered/blocklayered.js, line 641: ReferenceError: lockLocationChecking is not defined
JavaScript error: http://automationpractice.com/themes/default-bootstrap/js/modules/blocklayered/blocklayered.js, line 641: ReferenceError: lockLocationChecking is not defined
JavaScript error: http://automationpractice.com/themes/default-bootstrap/js/modules/blocklayered/blocklayered.js, line 641: ReferenceError: lockLocationChecking is not defined
JavaScript error: http://automationpractice.com/themes/default-bootstrap/js/modules/blocklayered/blocklayered.js, line 641: ReferenceError: lockLocationChecking is not defined
JavaScript error: http://automationpractice.com/themes/default-bootstrap/js/modules/blocklayered/blocklayered.js, line 641: ReferenceError: lockLocationChecking is not defined
JavaScript error: http://automationpractice.com/themes/default-bootstrap/js/modules/blocklayered/blocklayered.js, line 641: ReferenceError: lockLocationChecking is not defined
JavaScript error: http://automationpractice.com/themes/default-bootstrap/js/modules/blocklayered/blocklayered.js, line 641: ReferenceError: lockLocationChecking is not defined
JavaScript error: http://automationpractice.com/themes/default-bootstrap/js/modules/blocklayered/blocklayered.js, line 641: ReferenceError: lockLocationChecking is not defined
JavaScript error: http://automationpractice.com/themes/default-bootstrap/js/modules/blocklayered/blocklayered.js, line 641: ReferenceError: lockLocationChecking is not defined
JavaScript error: http://automationpractice.com/themes/default-bootstrap/js/modules/blocklayered/blocklayered.js, line 641: ReferenceError: lockLocationChecking is not defined
JavaScript error: resource:///actors/ContentMetaChild.jsm, line 167: InvalidStateError: An attempt was made to use an object that is not, or is no longer, usable
JavaScript error: resource:///actors/ContentMetaChild.jsm, line 167: InvalidStateError: An attempt was made to use an object that is not, or is no longer, usable
JavaScript error: chrome://marionette/content/proxy.js, line 222: TypeError: this.browser.driver.dialogObserver is null
1584536547181	mozrunner::runner	INFO	Running command: "C:\\Program Files\\Mozilla Firefox\\firefox.exe" "-marionette" "-headless" "-foreground" "-no-remote" "-profile" "C:\\Users\\jonas\\AppData\\Local\\Temp\\rust_mozprofileh5JoYe"
*** You are running in headless mode.
1584536547430	addons.webextension.doh-rollout@mozilla.org	WARN	Loading extension 'doh-rollout@mozilla.org': Reading manifest: Invalid extension permission: networkStatus
1584536547725	addons.webextension.screenshots@mozilla.org	WARN	Loading extension 'screenshots@mozilla.org': Reading manifest: Invalid extension permission: mozillaAddons
1584536547725	addons.webextension.screenshots@mozilla.org	WARN	Loading extension 'screenshots@mozilla.org': Reading manifest: Invalid extension permission: telemetry
1584536547725	addons.webextension.screenshots@mozilla.org	WARN	Loading extension 'screenshots@mozilla.org': Reading manifest: Invalid extension permission: resource://pdf.js/
1584536547725	addons.webextension.screenshots@mozilla.org	WARN	Loading extension 'screenshots@mozilla.org': Reading manifest: Invalid extension permission: about:reader*
JavaScript error: resource://gre/modules/XULStore.jsm, line 66: Error: Can't find profile directory.
1584536548848	Marionette	INFO	Listening on port 62570
1584536549191	Marionette	WARN	TLS certificate errors will be ignored for this session
1584536578874	Marionette	INFO	Stopped listening on port 62570
1584542402527	mozrunner::runner	INFO	Running command: "C:\\Program Files\\Mozilla Firefox\\firefox.exe" "-marionette" "-headless" "-foreground" "-no-remote" "-profile" "C:\\Users\\jonas\\AppData\\Local\\Temp\\rust_mozprofilex3hwfj"
*** You are running in headless mode.
1584542403073	addons.webextension.doh-rollout@mozilla.org	WARN	Loading extension 'doh-rollout@mozilla.org': Reading manifest: Invalid extension permission: networkStatus
1584542403433	addons.webextension.screenshots@mozilla.org	WARN	Loading extension 'screenshots@mozilla.org': Reading manifest: Invalid extension permission: mozillaAddons
1584542403433	addons.webextension.screenshots@mozilla.org	WARN	Loading extension 'screenshots@mozilla.org': Reading manifest: Invalid extension permission: telemetry
1584542403434	addons.webextension.screenshots@mozilla.org	WARN	Loading extension 'screenshots@mozilla.org': Reading manifest: Invalid extension permission: resource://pdf.js/
1584542403434	addons.webextension.screenshots@mozilla.org	WARN	Loading extension 'screenshots@mozilla.org': Reading manifest: Invalid extension permission: about:reader*
JavaScript error: resource://gre/modules/XULStore.jsm, line 66: Error: Can't find profile directory.
1584542404746	Marionette	INFO	Listening on port 63550
1584542405141	Marionette	WARN	TLS certificate errors will be ignored for this session
1584542429496	mozrunner::runner	INFO	Running command: "C:\\Program Files\\Mozilla Firefox\\firefox.exe" "-marionette" "-headless" "-foreground" "-no-remote" "-profile" "C:\\Users\\jonas\\AppData\\Local\\Temp\\rust_mozprofileaVptWL"
*** You are running in headless mode.
1584542429754	addons.webextension.doh-rollout@mozilla.org	WARN	Loading extension 'doh-rollout@mozilla.org': Reading manifest: Invalid extension permission: networkStatus
1584542430014	addons.webextension.screenshots@mozilla.org	WARN	Loading extension 'screenshots@mozilla.org': Reading manifest: Invalid extension permission: mozillaAddons
1584542430014	addons.webextension.screenshots@mozilla.org	WARN	Loading extension 'screenshots@mozilla.org': Reading manifest: Invalid extension permission: telemetry
1584542430014	addons.webextension.screenshots@mozilla.org	WARN	Loading extension 'screenshots@mozilla.org': Reading manifest: Invalid extension permission: resource://pdf.js/
1584542430014	addons.webextension.screenshots@mozilla.org	WARN	Loading extension 'screenshots@mozilla.org': Reading manifest: Invalid extension permission: about:reader*
JavaScript error: resource://gre/modules/XULStore.jsm, line 66: Error: Can't find profile directory.
1584542431182	Marionette	INFO	Listening on port 63592
1584542431513	Marionette	WARN	TLS certificate errors will be ignored for this session
1584542432980	Marionette	INFO	Stopped listening on port 63592
1584542590773	mozrunner::runner	INFO	Running command: "C:\\Program Files\\Mozilla Firefox\\firefox.exe" "-marionette" "-headless" "-foreground" "-no-remote" "-profile" "C:\\Users\\jonas\\AppData\\Local\\Temp\\rust_mozprofileT2E7VN"
*** You are running in headless mode.
1584542591080	addons.webextension.doh-rollout@mozilla.org	WARN	Loading extension 'doh-rollout@mozilla.org': Reading manifest: Invalid extension permission: networkStatus
1584542591393	addons.webextension.screenshots@mozilla.org	WARN	Loading extension 'screenshots@mozilla.org': Reading manifest: Invalid extension permission: mozillaAddons
1584542591393	addons.webextension.screenshots@mozilla.org	WARN	Loading extension 'screenshots@mozilla.org': Reading manifest: Invalid extension permission: telemetry
1584542591393	addons.webextension.screenshots@mozilla.org	WARN	Loading extension 'screenshots@mozilla.org': Reading manifest: Invalid extension permission: resource://pdf.js/
1584542591393	addons.webextension.screenshots@mozilla.org	WARN	Loading extension 'screenshots@mozilla.org': Reading manifest: Invalid extension permission: about:reader*
JavaScript error: resource://gre/modules/XULStore.jsm, line 66: Error: Can't find profile directory.
1584542592671	Marionette	INFO	Listening on port 63686
1584542592782	Marionette	WARN	TLS certificate errors will be ignored for this session
1584545357258	mozrunner::runner	INFO	Running command: "C:\\Program Files\\Mozilla Firefox\\firefox.exe" "-marionette" "-headless" "-foreground" "-no-remote" "-profile" "C:\\Users\\jonas\\AppData\\Local\\Temp\\rust_mozprofilei6EhwU"
*** You are running in headless mode.
1584545357499	addons.webextension.doh-rollout@mozilla.org	WARN	Loading extension 'doh-rollout@mozilla.org': Reading manifest: Invalid extension permission: networkStatus
1584545357778	addons.webextension.screenshots@mozilla.org	WARN	Loading extension 'screenshots@mozilla.org': Reading manifest: Invalid extension permission: mozillaAddons
1584545357778	addons.webextension.screenshots@mozilla.org	WARN	Loading extension 'screenshots@mozilla.org': Reading manifest: Invalid extension permission: telemetry
1584545357778	addons.webextension.screenshots@mozilla.org	WARN	Loading extension 'screenshots@mozilla.org': Reading manifest: Invalid extension permission: resource://pdf.js/
1584545357778	addons.webextension.screenshots@mozilla.org	WARN	Loading extension 'screenshots@mozilla.org': Reading manifest: Invalid extension permission: about:reader*
JavaScript error: resource://gre/modules/XULStore.jsm, line 66: Error: Can't find profile directory.
1584545358876	Marionette	INFO	Listening on port 64299
1584545359269	Marionette	WARN	TLS certificate errors will be ignored for this session
1584545376102	mozrunner::runner	INFO	Running command: "C:\\Program Files\\Mozilla Firefox\\firefox.exe" "-marionette" "-headless" "-foreground" "-no-remote" "-profile" "C:\\Users\\jonas\\AppData\\Local\\Temp\\rust_mozprofileqXKu1v"
*** You are running in headless mode.
1584545376358	addons.webextension.doh-rollout@mozilla.org	WARN	Loading extension 'doh-rollout@mozilla.org': Reading manifest: Invalid extension permission: networkStatus
1584545376726	addons.webextension.screenshots@mozilla.org	WARN	Loading extension 'screenshots@mozilla.org': Reading manifest: Invalid extension permission: mozillaAddons
1584545376726	addons.webextension.screenshots@mozilla.org	WARN	Loading extension 'screenshots@mozilla.org': Reading manifest: Invalid extension permission: telemetry
1584545376726	addons.webextension.screenshots@mozilla.org	WARN	Loading extension 'screenshots@mozilla.org': Reading manifest: Invalid extension permission: resource://pdf.js/
1584545376726	addons.webextension.screenshots@mozilla.org	WARN	Loading extension 'screenshots@mozilla.org': Reading manifest: Invalid extension permission: about:reader*
JavaScript error: resource://gre/modules/XULStore.jsm, line 66: Error: Can't find profile directory.
1584545378032	Marionette	INFO	Listening on port 64339
1584545378116	Marionette	WARN	TLS certificate errors will be ignored for this session
JavaScript error: resource://gre/modules/XULStore.jsm, line 66: Error: Can't find profile directory.
1584545405625	mozrunner::runner	INFO	Running command: "C:\\Program Files\\Mozilla Firefox\\firefox.exe" "-marionette" "-headless" "-foreground" "-no-remote" "-profile" "C:\\Users\\jonas\\AppData\\Local\\Temp\\rust_mozprofileEhRZJS"
*** You are running in headless mode.
1584545405868	addons.webextension.doh-rollout@mozilla.org	WARN	Loading extension 'doh-rollout@mozilla.org': Reading manifest: Invalid extension permission: networkStatus
1584545406139	addons.webextension.screenshots@mozilla.org	WARN	Loading extension 'screenshots@mozilla.org': Reading manifest: Invalid extension permission: mozillaAddons
1584545406140	addons.webextension.screenshots@mozilla.org	WARN	Loading extension 'screenshots@mozilla.org': Reading manifest: Invalid extension permission: telemetry
1584545406140	addons.webextension.screenshots@mozilla.org	WARN	Loading extension 'screenshots@mozilla.org': Reading manifest: Invalid extension permission: resource://pdf.js/
1584545406140	addons.webextension.screenshots@mozilla.org	WARN	Loading extension 'screenshots@mozilla.org': Reading manifest: Invalid extension permission: about:reader*
JavaScript error: resource://gre/modules/XULStore.jsm, line 66: Error: Can't find profile directory.
1584545407251	Marionette	INFO	Listening on port 64380
1584545407639	Marionette	WARN	TLS certificate errors will be ignored for this session
JavaScript error: resource://gre/modules/XULStore.jsm, line 66: Error: Can't find profile directory.
1584545435477	mozrunner::runner	INFO	Running command: "C:\\Program Files\\Mozilla Firefox\\firefox.exe" "-marionette" "-headless" "-foreground" "-no-remote" "-profile" "C:\\Users\\jonas\\AppData\\Local\\Temp\\rust_mozprofileSExNag"
*** You are running in headless mode.
1584545435723	addons.webextension.doh-rollout@mozilla.org	WARN	Loading extension 'doh-rollout@mozilla.org': Reading manifest: Invalid extension permission: networkStatus
1584545436119	addons.webextension.screenshots@mozilla.org	WARN	Loading extension 'screenshots@mozilla.org': Reading manifest: Invalid extension permission: mozillaAddons
1584545436119	addons.webextension.screenshots@mozilla.org	WARN	Loading extension 'screenshots@mozilla.org': Reading manifest: Invalid extension permission: telemetry
1584545436119	addons.webextension.screenshots@mozilla.org	WARN	Loading extension 'screenshots@mozilla.org': Reading manifest: Invalid extension permission: resource://pdf.js/
1584545436119	addons.webextension.screenshots@mozilla.org	WARN	Loading extension 'screenshots@mozilla.org': Reading manifest: Invalid extension permission: about:reader*
JavaScript error: resource://gre/modules/XULStore.jsm, line 66: Error: Can't find profile directory.
1584545437274	Marionette	INFO	Listening on port 64435
1584545437485	Marionette	WARN	TLS certificate errors will be ignored for this session
1584545442007	Marionette	INFO	Stopped listening on port 64435
1584545461693	mozrunner::runner	INFO	Running command: "C:\\Program Files\\Mozilla Firefox\\firefox.exe" "-marionette" "-headless" "-foreground" "-no-remote" "-profile" "C:\\Users\\jonas\\AppData\\Local\\Temp\\rust_mozprofilehFmOax"
*** You are running in headless mode.
1584545462017	addons.webextension.doh-rollout@mozilla.org	WARN	Loading extension 'doh-rollout@mozilla.org': Reading manifest: Invalid extension permission: networkStatus
1584545462319	addons.webextension.screenshots@mozilla.org	WARN	Loading extension 'screenshots@mozilla.org': Reading manifest: Invalid extension permission: mozillaAddons
1584545462319	addons.webextension.screenshots@mozilla.org	WARN	Loading extension 'screenshots@mozilla.org': Reading manifest: Invalid extension permission: telemetry
1584545462319	addons.webextension.screenshots@mozilla.org	WARN	Loading extension 'screenshots@mozilla.org': Reading manifest: Invalid extension permission: resource://pdf.js/
1584545462319	addons.webextension.screenshots@mozilla.org	WARN	Loading extension 'screenshots@mozilla.org': Reading manifest: Invalid extension permission: about:reader*
JavaScript error: resource://gre/modules/XULStore.jsm, line 66: Error: Can't find profile directory.
1584545463415	Marionette	INFO	Listening on port 64488
1584545463701	Marionette	WARN	TLS certificate errors will be ignored for this session
1584545467269	Marionette	INFO	Stopped listening on port 64488
1584545478581	mozrunner::runner	INFO	Running command: "C:\\Program Files\\Mozilla Firefox\\firefox.exe" "-marionette" "-headless" "-foreground" "-no-remote" "-profile" "C:\\Users\\jonas\\AppData\\Local\\Temp\\rust_mozprofileO4BVKG"
*** You are running in headless mode.
1584545478829	addons.webextension.doh-rollout@mozilla.org	WARN	Loading extension 'doh-rollout@mozilla.org': Reading manifest: Invalid extension permission: networkStatus
1584545479181	addons.webextension.screenshots@mozilla.org	WARN	Loading extension 'screenshots@mozilla.org': Reading manifest: Invalid extension permission: mozillaAddons
1584545479181	addons.webextension.screenshots@mozilla.org	WARN	Loading extension 'screenshots@mozilla.org': Reading manifest: Invalid extension permission: telemetry
1584545479181	addons.webextension.screenshots@mozilla.org	WARN	Loading extension 'screenshots@mozilla.org': Reading manifest: Invalid extension permission: resource://pdf.js/
1584545479181	addons.webextension.screenshots@mozilla.org	WARN	Loading extension 'screenshots@mozilla.org': Reading manifest: Invalid extension permission: about:reader*
JavaScript error: resource://gre/modules/XULStore.jsm, line 66: Error: Can't find profile directory.
1584545480473	Marionette	INFO	Listening on port 64543
1584545480587	Marionette	WARN	TLS certificate errors will be ignored for this session
1584545484135	Marionette	INFO	Stopped listening on port 64543
1584545502372	mozrunner::runner	INFO	Running command: "C:\\Program Files\\Mozilla Firefox\\firefox.exe" "-marionette" "-headless" "-foreground" "-no-remote" "-profile" "C:\\Users\\jonas\\AppData\\Local\\Temp\\rust_mozprofilez88wT8"
*** You are running in headless mode.
1584545502628	addons.webextension.doh-rollout@mozilla.org	WARN	Loading extension 'doh-rollout@mozilla.org': Reading manifest: Invalid extension permission: networkStatus
1584545502950	addons.webextension.screenshots@mozilla.org	WARN	Loading extension 'screenshots@mozilla.org': Reading manifest: Invalid extension permission: mozillaAddons
1584545502950	addons.webextension.screenshots@mozilla.org	WARN	Loading extension 'screenshots@mozilla.org': Reading manifest: Invalid extension permission: telemetry
1584545502950	addons.webextension.screenshots@mozilla.org	WARN	Loading extension 'screenshots@mozilla.org': Reading manifest: Invalid extension permission: resource://pdf.js/
1584545502950	addons.webextension.screenshots@mozilla.org	WARN	Loading extension 'screenshots@mozilla.org': Reading manifest: Invalid extension permission: about:reader*
JavaScript error: resource://gre/modules/XULStore.jsm, line 66: Error: Can't find profile directory.
1584545504239	Marionette	INFO	Listening on port 64591
1584545504379	Marionette	WARN	TLS certificate errors will be ignored for this session
1584545508223	Marionette	INFO	Stopped listening on port 64591
1584545540266	mozrunner::runner	INFO	Running command: "C:\\Program Files\\Mozilla Firefox\\firefox.exe" "-marionette" "-headless" "-foreground" "-no-remote" "-profile" "C:\\Users\\jonas\\AppData\\Local\\Temp\\rust_mozprofilegRBhCa"
*** You are running in headless mode.
1584545540510	addons.webextension.doh-rollout@mozilla.org	WARN	Loading extension 'doh-rollout@mozilla.org': Reading manifest: Invalid extension permission: networkStatus
1584545540781	addons.webextension.screenshots@mozilla.org	WARN	Loading extension 'screenshots@mozilla.org': Reading manifest: Invalid extension permission: mozillaAddons
1584545540781	addons.webextension.screenshots@mozilla.org	WARN	Loading extension 'screenshots@mozilla.org': Reading manifest: Invalid extension permission: telemetry
1584545540781	addons.webextension.screenshots@mozilla.org	WARN	Loading extension 'screenshots@mozilla.org': Reading manifest: Invalid extension permission: resource://pdf.js/
1584545540781	addons.webextension.screenshots@mozilla.org	WARN	Loading extension 'screenshots@mozilla.org': Reading manifest: Invalid extension permission: about:reader*
JavaScript error: resource://gre/modules/XULStore.jsm, line 66: Error: Can't find profile directory.
1584545541863	Marionette	INFO	Listening on port 64641
1584545542276	Marionette	WARN	TLS certificate errors will be ignored for this session
1584546011352	mozrunner::runner	INFO	Running command: "C:\\Program Files\\Mozilla Firefox\\firefox.exe" "-marionette" "-headless" "-foreground" "-no-remote" "-profile" "C:\\Users\\jonas\\AppData\\Local\\Temp\\rust_mozprofiletZOFra"
*** You are running in headless mode.
1584546011588	addons.webextension.doh-rollout@mozilla.org	WARN	Loading extension 'doh-rollout@mozilla.org': Reading manifest: Invalid extension permission: networkStatus
1584546011844	addons.webextension.screenshots@mozilla.org	WARN	Loading extension 'screenshots@mozilla.org': Reading manifest: Invalid extension permission: mozillaAddons
1584546011844	addons.webextension.screenshots@mozilla.org	WARN	Loading extension 'screenshots@mozilla.org': Reading manifest: Invalid extension permission: telemetry
1584546011845	addons.webextension.screenshots@mozilla.org	WARN	Loading extension 'screenshots@mozilla.org': Reading manifest: Invalid extension permission: resource://pdf.js/
1584546011845	addons.webextension.screenshots@mozilla.org	WARN	Loading extension 'screenshots@mozilla.org': Reading manifest: Invalid extension permission: about:reader*
JavaScript error: resource://gre/modules/XULStore.jsm, line 66: Error: Can't find profile directory.
1584546012933	Marionette	INFO	Listening on port 64745
1584546013365	Marionette	WARN	TLS certificate errors will be ignored for this session
1584546515347	mozrunner::runner	INFO	Running command: "C:\\Program Files\\Mozilla Firefox\\firefox.exe" "-marionette" "-headless" "-foreground" "-no-remote" "-profile" "C:\\Users\\jonas\\AppData\\Local\\Temp\\rust_mozprofilehpVb7G"
*** You are running in headless mode.
1584546515607	addons.webextension.doh-rollout@mozilla.org	WARN	Loading extension 'doh-rollout@mozilla.org': Reading manifest: Invalid extension permission: networkStatus
1584546515873	addons.webextension.screenshots@mozilla.org	WARN	Loading extension 'screenshots@mozilla.org': Reading manifest: Invalid extension permission: mozillaAddons
1584546515873	addons.webextension.screenshots@mozilla.org	WARN	Loading extension 'screenshots@mozilla.org': Reading manifest: Invalid extension permission: telemetry
1584546515873	addons.webextension.screenshots@mozilla.org	WARN	Loading extension 'screenshots@mozilla.org': Reading manifest: Invalid extension permission: resource://pdf.js/
1584546515873	addons.webextension.screenshots@mozilla.org	WARN	Loading extension 'screenshots@mozilla.org': Reading manifest: Invalid extension permission: about:reader*
JavaScript error: resource://gre/modules/XULStore.jsm, line 66: Error: Can't find profile directory.
1584546516986	Marionette	INFO	Listening on port 64853
1584546517368	Marionette	WARN	TLS certificate errors will be ignored for this session
1584546546232	mozrunner::runner	INFO	Running command: "C:\\Program Files\\Mozilla Firefox\\firefox.exe" "-marionette" "-headless" "-foreground" "-no-remote" "-profile" "C:\\Users\\jonas\\AppData\\Local\\Temp\\rust_mozprofilejioFRr"
*** You are running in headless mode.
1584546546500	addons.webextension.doh-rollout@mozilla.org	WARN	Loading extension 'doh-rollout@mozilla.org': Reading manifest: Invalid extension permission: networkStatus
1584546546760	addons.webextension.screenshots@mozilla.org	WARN	Loading extension 'screenshots@mozilla.org': Reading manifest: Invalid extension permission: mozillaAddons
1584546546760	addons.webextension.screenshots@mozilla.org	WARN	Loading extension 'screenshots@mozilla.org': Reading manifest: Invalid extension permission: telemetry
1584546546760	addons.webextension.screenshots@mozilla.org	WARN	Loading extension 'screenshots@mozilla.org': Reading manifest: Invalid extension permission: resource://pdf.js/
1584546546760	addons.webextension.screenshots@mozilla.org	WARN	Loading extension 'screenshots@mozilla.org': Reading manifest: Invalid extension permission: about:reader*
JavaScript error: resource://gre/modules/XULStore.jsm, line 66: Error: Can't find profile directory.
1584546547897	Marionette	INFO	Listening on port 64906
1584546548246	Marionette	WARN	TLS certificate errors will be ignored for this session
1584546679207	mozrunner::runner	INFO	Running command: "C:\\Program Files\\Mozilla Firefox\\firefox.exe" "-marionette" "-headless" "-foreground" "-no-remote" "-profile" "C:\\Users\\jonas\\AppData\\Local\\Temp\\rust_mozprofileu3Bwv5"
*** You are running in headless mode.
1584546679447	addons.webextension.doh-rollout@mozilla.org	WARN	Loading extension 'doh-rollout@mozilla.org': Reading manifest: Invalid extension permission: networkStatus
1584546679738	addons.webextension.screenshots@mozilla.org	WARN	Loading extension 'screenshots@mozilla.org': Reading manifest: Invalid extension permission: mozillaAddons
1584546679738	addons.webextension.screenshots@mozilla.org	WARN	Loading extension 'screenshots@mozilla.org': Reading manifest: Invalid extension permission: telemetry
1584546679738	addons.webextension.screenshots@mozilla.org	WARN	Loading extension 'screenshots@mozilla.org': Reading manifest: Invalid extension permission: resource://pdf.js/
1584546679738	addons.webextension.screenshots@mozilla.org	WARN	Loading extension 'screenshots@mozilla.org': Reading manifest: Invalid extension permission: about:reader*
JavaScript error: resource://gre/modules/XULStore.jsm, line 66: Error: Can't find profile directory.
1584546681057	Marionette	INFO	Listening on port 64987
1584546681215	Marionette	WARN	TLS certificate errors will be ignored for this session
1584546720607	mozrunner::runner	INFO	Running command: "C:\\Program Files\\Mozilla Firefox\\firefox.exe" "-marionette" "-headless" "-foreground" "-no-remote" "-profile" "C:\\Users\\jonas\\AppData\\Local\\Temp\\rust_mozprofile6MN0DY"
*** You are running in headless mode.
1584546720844	addons.webextension.doh-rollout@mozilla.org	WARN	Loading extension 'doh-rollout@mozilla.org': Reading manifest: Invalid extension permission: networkStatus
1584546721200	addons.webextension.screenshots@mozilla.org	WARN	Loading extension 'screenshots@mozilla.org': Reading manifest: Invalid extension permission: mozillaAddons
1584546721200	addons.webextension.screenshots@mozilla.org	WARN	Loading extension 'screenshots@mozilla.org': Reading manifest: Invalid extension permission: telemetry
1584546721200	addons.webextension.screenshots@mozilla.org	WARN	Loading extension 'screenshots@mozilla.org': Reading manifest: Invalid extension permission: resource://pdf.js/
1584546721200	addons.webextension.screenshots@mozilla.org	WARN	Loading extension 'screenshots@mozilla.org': Reading manifest: Invalid extension permission: about:reader*
JavaScript error: resource://gre/modules/XULStore.jsm, line 66: Error: Can't find profile directory.
1584546722532	Marionette	INFO	Listening on port 65040
1584546722616	Marionette	WARN	TLS certificate errors will be ignored for this session
1584546874791	mozrunner::runner	INFO	Running command: "C:\\Program Files\\Mozilla Firefox\\firefox.exe" "-marionette" "-headless" "-foreground" "-no-remote" "-profile" "C:\\Users\\jonas\\AppData\\Local\\Temp\\rust_mozprofilelUwJJi"
*** You are running in headless mode.
1584546875093	addons.webextension.doh-rollout@mozilla.org	WARN	Loading extension 'doh-rollout@mozilla.org': Reading manifest: Invalid extension permission: networkStatus
1584546875446	addons.webextension.screenshots@mozilla.org	WARN	Loading extension 'screenshots@mozilla.org': Reading manifest: Invalid extension permission: mozillaAddons
1584546875446	addons.webextension.screenshots@mozilla.org	WARN	Loading extension 'screenshots@mozilla.org': Reading manifest: Invalid extension permission: telemetry
1584546875446	addons.webextension.screenshots@mozilla.org	WARN	Loading extension 'screenshots@mozilla.org': Reading manifest: Invalid extension permission: resource://pdf.js/
1584546875446	addons.webextension.screenshots@mozilla.org	WARN	Loading extension 'screenshots@mozilla.org': Reading manifest: Invalid extension permission: about:reader*
JavaScript error: resource://gre/modules/XULStore.jsm, line 66: Error: Can't find profile directory.
1584546876627	Marionette	INFO	Listening on port 65125
1584546876799	Marionette	WARN	TLS certificate errors will be ignored for this session
1584547026310	mozrunner::runner	INFO	Running command: "C:\\Program Files\\Mozilla Firefox\\firefox.exe" "-marionette" "-headless" "-foreground" "-no-remote" "-profile" "C:\\Users\\jonas\\AppData\\Local\\Temp\\rust_mozprofile9tTSqG"
*** You are running in headless mode.
1584547026551	addons.webextension.doh-rollout@mozilla.org	WARN	Loading extension 'doh-rollout@mozilla.org': Reading manifest: Invalid extension permission: networkStatus
1584547026828	addons.webextension.screenshots@mozilla.org	WARN	Loading extension 'screenshots@mozilla.org': Reading manifest: Invalid extension permission: mozillaAddons
1584547026828	addons.webextension.screenshots@mozilla.org	WARN	Loading extension 'screenshots@mozilla.org': Reading manifest: Invalid extension permission: telemetry
1584547026828	addons.webextension.screenshots@mozilla.org	WARN	Loading extension 'screenshots@mozilla.org': Reading manifest: Invalid extension permission: resource://pdf.js/
1584547026829	addons.webextension.screenshots@mozilla.org	WARN	Loading extension 'screenshots@mozilla.org': Reading manifest: Invalid extension permission: about:reader*
JavaScript error: resource://gre/modules/XULStore.jsm, line 66: Error: Can't find profile directory.
1584547027980	Marionette	INFO	Listening on port 65207
1584547028318	Marionette	WARN	TLS certificate errors will be ignored for this session
1584547281472	mozrunner::runner	INFO	Running command: "C:\\Program Files\\Mozilla Firefox\\firefox.exe" "-marionette" "-headless" "-foreground" "-no-remote" "-profile" "C:\\Users\\jonas\\AppData\\Local\\Temp\\rust_mozprofiler2JENX"
*** You are running in headless mode.
1584547281714	addons.webextension.doh-rollout@mozilla.org	WARN	Loading extension 'doh-rollout@mozilla.org': Reading manifest: Invalid extension permission: networkStatus
1584547281986	addons.webextension.screenshots@mozilla.org	WARN	Loading extension 'screenshots@mozilla.org': Reading manifest: Invalid extension permission: mozillaAddons
1584547281986	addons.webextension.screenshots@mozilla.org	WARN	Loading extension 'screenshots@mozilla.org': Reading manifest: Invalid extension permission: telemetry
1584547281986	addons.webextension.screenshots@mozilla.org	WARN	Loading extension 'screenshots@mozilla.org': Reading manifest: Invalid extension permission: resource://pdf.js/
1584547281986	addons.webextension.screenshots@mozilla.org	WARN	Loading extension 'screenshots@mozilla.org': Reading manifest: Invalid extension permission: about:reader*
JavaScript error: resource://gre/modules/XULStore.jsm, line 66: Error: Can't find profile directory.
1584547283196	Marionette	INFO	Listening on port 65278
1584547283479	Marionette	WARN	TLS certificate errors will be ignored for this session
1584547283513	Marionette	INFO	Stopped listening on port 65278
1584547283591	addons.xpi	WARN	Addon with ID google@search.mozilla.org already installed, older version will be disabled
1584547283592	addons.xpi-utils	WARN	Error: XPI database modified after shutdown began(resource://gre/modules/addons/XPIDatabase.jsm:1540:17) JS Stack trace: saveChanges@XPIDatabase.jsm:1540:17
makeAddonVisible@XPIDatabase.jsm:2347:10
addToDatabase@XPIDatabase.jsm:2274:12
install@XPIInstall.jsm:4343:27
update@XPIProvider.jsm:2052:13
1584547283592	addons.xpi-utils	WARN	Error: XPI database modified after shutdown began(resource://gre/modules/addons/XPIDatabase.jsm:1540:17) JS Stack trace: saveChanges@XPIDatabase.jsm:1540:17
addToDatabase@XPIDatabase.jsm:2277:10
install@XPIInstall.jsm:4343:27
update@XPIProvider.jsm:2052:13
1584547283625	addons.xpi	WARN	Addon with ID bing@search.mozilla.org already installed, older version will be disabled
1584547283626	addons.xpi-utils	WARN	Error: XPI database modified after shutdown began(resource://gre/modules/addons/XPIDatabase.jsm:1540:17) JS Stack trace: saveChanges@XPIDatabase.jsm:1540:17
makeAddonVisible@XPIDatabase.jsm:2347:10
addToDatabase@XPIDatabase.jsm:2274:12
install@XPIInstall.jsm:4343:27
update@XPIProvider.jsm:2052:13
1584547283626	addons.xpi-utils	WARN	Error: XPI database modified after shutdown began(resource://gre/modules/addons/XPIDatabase.jsm:1540:17) JS Stack trace: saveChanges@XPIDatabase.jsm:1540:17
addToDatabase@XPIDatabase.jsm:2277:10
install@XPIInstall.jsm:4343:27
update@XPIProvider.jsm:2052:13
